<?xml version="1.0" encoding="UTF-8"?>
<!-- Generated by org.testng.reporters.JUnitReportReporter -->
<testsuite name="com.inetBanking.testCases.TC_LoginTest_001" tests="1" time="2.994" ignored="0" failures="0" timestamp="26 Mar 2019 13:55:40 GMT" skipped="0" hostname="INT-01919" errors="0">
  <testcase name="LoginTest" time="2.994" classname="com.inetBanking.testCases.TC_LoginTest_001"/>
</testsuite> <!-- com.inetBanking.testCases.TC_LoginTest_001 -->
