<?xml version="1.0" encoding="UTF-8"?>
<!-- Generated by org.testng.reporters.JUnitReportReporter -->
<testsuite name="com.inetBanking.testCases.TC_AddCustomerTest_003" tests="1" time="16.041" ignored="0" failures="0" timestamp="04 Apr 2019 08:37:28 GMT" skipped="0" hostname="INT-01919" errors="0">
  <testcase name="AddNewCustomer" time="16.041" classname="com.inetBanking.testCases.TC_AddCustomerTest_003"/>
</testsuite> <!-- com.inetBanking.testCases.TC_AddCustomerTest_003 -->
