<?xml version="1.0" encoding="UTF-8"?>
<!-- Generated by org.testng.reporters.JUnitReportReporter -->
<testsuite name="com.inetBanking.testCases.TC_DeleteCustomer_005" tests="1" time="5.831" ignored="0" failures="0" timestamp="04 Apr 2019 16:02:59 GMT" skipped="0" hostname="INT-01919" errors="0">
  <testcase name="DeleteCustomer" time="5.831" classname="com.inetBanking.testCases.TC_DeleteCustomer_005"/>
</testsuite> <!-- com.inetBanking.testCases.TC_DeleteCustomer_005 -->
